2019-06-02 18:42:35 INFO  CarReportImpl:19 - got list
2019-06-02 18:45:10 INFO  CarReportImpl:19 - got list
2019-06-02 18:45:15 INFO  CarReportImpl:19 - got list
2019-06-02 18:56:07 INFO  CarReportImpl:19 - got list
2019-06-02 18:56:07 ERROR CarReportImpl:24 - java.lang.NullPointerException
2019-06-02 19:48:48 INFO  CarReportImpl:19 - got list
2019-06-02 19:49:01 INFO  CarReportImpl:19 - got list
2019-06-02 19:49:12 INFO  CarReportImpl:19 - got list
2019-06-02 20:06:21 ERROR Controller:59 - kz.kassayev.indriver.exception.ListIsEmptyException: Empty LIST
019-06-03 00:53:25 ERROR Controller:78 - kz.kassayev.indriver.exception.ListIsEmptyException: Empty LIST
2019-06-03 01:00:39 INFO  CarReportImpl:20 - Cycle for sout got list
2019-06-03 01:11:09 WARN  Controller:83 - kz.kassayev.indriver.exception.ThereIsNoSuchSpeedRange: there is no such speed range : 4 - 5
2019-06-03 01:13:18 INFO  CarReportImpl:20 - Cycle for sout got list
2019-06-03 01:19:19 INFO  TotalCostOfTaxiParkImpl:21 - calculate price of all cars
2019-06-03 01:19:26 INFO  CarReportImpl:20 - Cycle for sout got list
2019-06-03 01:21:05 INFO  SortImpl:35 - sorting cars by fuel economy
2019-06-03 01:21:05 INFO  CarReportImpl:20 - Cycle for sout got list
2019-06-03 01:22:17 INFO  SortImpl:35 - sorting cars by fuel economy
2019-06-03 01:22:17 INFO  CarReportImpl:20 - Cycle for sout got list
2019-06-03 01:22:40 INFO  SortImpl:35 - sorting cars by fuel economy
2019-06-03 01:22:40 ERROR Controller:101 - kz.kassayev.indriver.exception.ListIsEmptyException: List is empty
2019-06-03 01:33:00 INFO  CarReportImpl:20 - Cycle for sout got list
2019-06-03 01:33:12 INFO  CarReportImpl:20 - Cycle for sout got list
2019-06-03 01:33:20 INFO  SortImpl:35 - sorting cars by fuel economy
2019-06-03 01:33:20 INFO  CarReportImpl:20 - Cycle for sout got list
2019-06-03 01:33:36 WARN  Controller:89 - kz.kassayev.indriver.exception.ThereIsNoSuchSpeedRange: there is no such speed range : 3 - 7
2019-06-03 01:37:42 INFO  Controller:49 - Run menu
2019-06-03 01:38:49 INFO  Controller:49 - Run menu
2019-06-03 01:38:51 INFO  Controller:108 - exit menu
2019-06-03 01:40:36 INFO  Controller:49 - Run menu
2019-06-03 01:40:44 INFO  CarReportImpl:20 - Cycle for sout got list
2019-06-03 01:42:37 INFO  Controller:34 - opening menu
2019-06-03 01:42:43 INFO  CarReportImpl:20 - Cycle for sout got list
2019-06-03 01:42:46 INFO  Controller:34 - opening menu
2019-06-03 01:42:55 INFO  CarReportImpl:20 - Cycle for sout got list
2019-06-03 01:42:58 INFO  Controller:34 - opening menu
2019-06-03 01:43:00 INFO  SortByFuelConsumtionImpl:36 - sorting cars by fuel economy
2019-06-03 01:43:00 INFO  CarReportImpl:20 - Cycle for sout got list
2019-06-03 01:43:31 INFO  Controller:34 - opening menu
2019-06-03 01:43:35 INFO  SortByFuelConsumtionImpl:36 - sorting cars by fuel economy
2019-06-03 01:43:35 INFO  CarReportImpl:20 - Cycle for sout got list
2019-06-03 01:43:51 INFO  Controller:34 - opening menu
2019-06-03 01:44:11 INFO  Controller:34 - opening menu
2019-06-03 01:44:13 INFO  SortByFuelConsumtionImpl:36 - sorting cars by fuel economy
2019-06-03 01:44:13 ERROR Controller:100 - kz.kassayev.indriver.exception.ListIsEmptyException: List is empty
2019-06-03 01:46:50 INFO  Controller:34 - opening menu
2019-06-03 01:46:52 INFO  SortByFuelConsumtionImpl:36 - sorting begins...
2019-06-03 01:46:52 ERROR Controller:100 - kz.kassayev.indriver.exception.ListIsEmptyException: List is empty
2019-06-03 01:46:59 INFO  Controller:34 - opening menu
2019-06-03 01:47:01 ERROR Controller:60 - kz.kassayev.indriver.exception.ListIsEmptyException: List is empty
2019-06-03 01:47:04 INFO  Controller:34 - opening menu
2019-06-03 01:47:05 INFO  Controller:107 - exit menu
2019-06-03 01:47:17 INFO  Controller:34 - opening menu
2019-06-03 01:47:20 INFO  CarReportImpl:20 - Cycle for sout got list
2019-06-03 01:47:23 INFO  Controller:34 - opening menu
2019-06-03 01:47:25 INFO  TotalCostOfTaxiParkImpl:22 - calculate price of all cars
2019-06-03 01:47:29 INFO  Controller:34 - opening menu
2019-06-03 01:47:36 INFO  CarReportImpl:20 - Cycle for sout got list
2019-06-03 01:47:46 INFO  Controller:34 - opening menu
2019-06-03 01:47:50 INFO  SortByFuelConsumtionImpl:36 - sorting begins...
2019-06-03 01:47:50 INFO  CarReportImpl:20 - Cycle for sout got list
2019-06-03 01:47:59 INFO  Controller:34 - opening menu
2019-06-03 01:48:01 INFO  Controller:107 - exit menu
2019-06-03 01:48:59 INFO  Controller:34 - opening menu
2019-06-03 01:49:01 INFO  CarReportImpl:20 - Cycle for sout got list
2019-06-03 01:49:05 INFO  Controller:34 - opening menu
2019-06-03 01:49:07 INFO  Controller:107 - exit menu
